Apr 11, 2016 5:56:48 PM logic.Logic initializeProgram
INFO: Logic: Initialise ProgramC:\Users\Chloe\Desktop\J.Listee.txt
Apr 11, 2016 5:56:48 PM storage.Storage addFloatingTaskToList
INFO: Successfully read floating task: potato
Apr 11, 2016 5:56:48 PM storage.Storage addFloatingTaskToList
INFO: Successfully read floating task: untimed
Apr 11, 2016 5:56:48 PM storage.Storage addDeadlineTaskToList
INFO: Successfully read deadline task: deadline
Apr 11, 2016 5:56:48 PM storage.Storage addDeadlineTaskToList
INFO: Successfully read deadline task: deadline
Apr 11, 2016 5:56:48 PM storage.Storage addDeadlineTaskToList
INFO: Successfully read deadline task: deadline
Apr 11, 2016 5:56:48 PM storage.Storage addEventTaskToList
INFO: Successfully read event: event
Apr 11, 2016 5:56:48 PM storage.Storage addEventTaskToList
INFO: Successfully read event: event
Apr 11, 2016 5:56:48 PM storage.Storage addEventTaskToList
INFO: Successfully read event: event
Apr 11, 2016 5:56:48 PM storage.Storage addReservedTaskToList
INFO: Successfully read reserved task: something
Apr 11, 2016 5:56:48 PM storage.Storage addReservedTaskToList
INFO: Successfully read reserved task: blah
Apr 11, 2016 5:56:48 PM storage.Storage addReservedTaskToList
INFO: Successfully read reserved task: something
Apr 11, 2016 5:56:48 PM storage.Storage addCompletedTaskToList
INFO: Successfully read completed task: event
Apr 11, 2016 5:56:48 PM storage.Storage addCompletedTaskToList
INFO: Successfully read completed task: floating test
Apr 11, 2016 5:56:48 PM storage.Storage addCompletedTaskToList
INFO: Successfully read completed task: testing
Apr 11, 2016 5:56:48 PM storage.Storage addCompletedTaskToList
INFO: Successfully read completed task: deadline again die today
Apr 11, 2016 5:56:48 PM entity.CommandShow execute
INFO: Show: No errors
Apr 11, 2016 5:56:48 PM parser.JListeeParser ParseCommand
INFO: commandType: add
Apr 11, 2016 5:56:48 PM parser.JListeeParser parseAdd
INFO: Preposition Index for parseAdd: 5
Apr 11, 2016 5:56:49 PM parser.JListeeParser parseAdd
INFO: is event?: false
Apr 11, 2016 5:56:49 PM parser.JListeeParser parseAdd
INFO: is deadline?: false
